#
# There is insufficient memory for the Java Runtime Environment to continue.
# Native memory allocation (malloc) failed to allocate 73400320 bytes for committing reserved memory.
# Possible reasons:
#   The system is out of physical RAM or swap space
#   In 32 bit mode, the process size limit was hit
# Possible solutions:
#   Reduce memory load on the system
#   Increase physical memory or swap space
#   Check if swap backing store is full
#   Use 64 bit Java on a 64 bit OS
#   Decrease Java heap size (-Xmx/-Xms)
#   Decrease number of Java threads
#   Decrease Java thread stack sizes (-Xss)
#   Set larger code cache with -XX:ReservedCodeCacheSize=
# This output file may be truncated or incomplete.
#
#  Out of Memory Error (os_linux.cpp:2756), pid=20562, tid=140275464165120
#
# JRE version: Java(TM) SE Runtime Environment (7.0_80-b15) (build 1.7.0_80-b15)
# Java VM: Java HotSpot(TM) 64-Bit Server VM (24.80-b11 mixed mode linux-amd64 compressed oops)
# Failed to write core dump. Core dumps have been disabled. To enable core dumping, try "ulimit -c unlimited" before starting Java again
#

---------------  T H R E A D  ---------------

Current thread (0x00007f947806a000):  VMThread [stack: 0x00007f946d265000,0x00007f946d366000] [id=20608]

Stack: [0x00007f946d265000,0x00007f946d366000],  sp=0x00007f946d364040,  free space=1020k
Native frames: (J=compiled Java code, j=interpreted, Vv=VM code, C=native code)
V  [libjvm.so+0x9a320a]  VMError::report_and_die()+0x2ea
V  [libjvm.so+0x498d3b]  report_vm_out_of_memory(char const*, int, unsigned long, char const*)+0x9b
V  [libjvm.so+0x82191e]  os::Linux::commit_memory_impl(char*, unsigned long, bool)+0xfe
V  [libjvm.so+0x821e69]  os::pd_commit_memory(char*, unsigned long, unsigned long, bool)+0x29
V  [libjvm.so+0x81bb6a]  os::commit_memory(char*, unsigned long, unsigned long, bool)+0x2a
V  [libjvm.so+0x88d623]  PSVirtualSpace::expand_by(unsigned long)+0x53
V  [libjvm.so+0x88e9f8]  PSYoungGen::resize_generation(unsigned long, unsigned long)+0xf8
V  [libjvm.so+0x88db62]  PSYoungGen::resize(unsigned long, unsigned long)+0x22
V  [libjvm.so+0x88af1d]  PSScavenge::invoke_no_policy()+0xf3d
V  [libjvm.so+0x88b761]  PSScavenge::invoke()+0x41
V  [libjvm.so+0x843f40]  ParallelScavengeHeap::failed_mem_allocate(unsigned long)+0x70
V  [libjvm.so+0x9a4a97]  VM_ParallelGCFailedAllocation::doit()+0x97
V  [libjvm.so+0x9abf35]  VM_Operation::evaluate()+0x55
V  [libjvm.so+0x9aa2fa]  VMThread::evaluate_operation(VM_Operation*)+0xba
V  [libjvm.so+0x9aa67e]  VMThread::loop()+0x1ce
V  [libjvm.so+0x9aaaf0]  VMThread::run()+0x70
V  [libjvm.so+0x8238c8]  java_start(Thread*)+0x108

VM_Operation (0x00007f943fcface0): ParallelGCFailedAllocation, mode: safepoint, requested by thread 0x00007f9478100000


---------------  P R O C E S S  ---------------

Java Threads: ( => current thread )
  0x00007f9478101800 JavaThread "pool-1-thread-4" [_thread_blocked, id=20662, stack(0x00007f943fafb000,0x00007f943fbfc000)]
  0x00007f9478100000 JavaThread "pool-1-thread-3" [_thread_blocked, id=20661, stack(0x00007f943fbfc000,0x00007f943fcfd000)]
  0x00007f94780ff000 JavaThread "pool-1-thread-2" [_thread_blocked, id=20658, stack(0x00007f943fcfd000,0x00007f943fdfe000)]
  0x00007f94780fd800 JavaThread "pool-2-thread-1" [_thread_blocked, id=20649, stack(0x00007f943fdfe000,0x00007f943feff000)]
  0x00007f94780fb000 JavaThread "pool-1-thread-1" [_thread_blocked, id=20646, stack(0x00007f943feff000,0x00007f9440000000)]
  0x00007f94780a1800 JavaThread "Service Thread" daemon [_thread_blocked, id=20632, stack(0x00007f946c57c000,0x00007f946c67d000)]
  0x00007f947809f800 JavaThread "C2 CompilerThread1" daemon [_thread_blocked, id=20629, stack(0x00007f946c67d000,0x00007f946c77e000)]
  0x00007f947809c800 JavaThread "C2 CompilerThread0" daemon [_thread_blocked, id=20628, stack(0x00007f946c77e000,0x00007f946c87f000)]
  0x00007f947809a800 JavaThread "Signal Dispatcher" daemon [_thread_blocked, id=20620, stack(0x00007f946c87f000,0x00007f946c980000)]
  0x00007f9478070800 JavaThread "Finalizer" daemon [_thread_blocked, id=20613, stack(0x00007f946d063000,0x00007f946d164000)]
  0x00007f947806e800 JavaThread "Reference Handler" daemon [_thread_blocked, id=20610, stack(0x00007f946d164000,0x00007f946d265000)]
  0x00007f947800a000 JavaThread "main" [_thread_blocked, id=20585, stack(0x00007f947efe3000,0x00007f947f0e4000)]

Other Threads:
=>0x00007f947806a000 VMThread [stack: 0x00007f946d265000,0x00007f946d366000] [id=20608]
  0x00007f94780a4800 WatcherThread [stack: 0x00007f946c47b000,0x00007f946c57c000] [id=20634]

VM state:at safepoint (normal execution)

VM Mutex/Monitor currently owned by a thread:  ([mutex/lock_event])
[0x00007f94780066a0] Threads_lock - owner thread: 0x00007f947806a000
[0x00007f9478006ba0] Heap_lock - owner thread: 0x00007f9478100000

Heap
 PSYoungGen      total 71680K, used 9206K [0x00000000eaa80000, 0x00000000efa80000, 0x0000000100000000)
  eden space 62464K, 0% used [0x00000000eaa80000,0x00000000eaa80000,0x00000000ee780000)
  from space 9216K, 99% used [0x00000000ee780000,0x00000000ef07da10,0x00000000ef080000)
  to   space 8192K, 0% used [0x00000000ef080000,0x00000000ef080000,0x00000000ef880000)
 ParOldGen       total 40960K, used 20343K [0x00000000c0000000, 0x00000000c2800000, 0x00000000eaa80000)
  object space 40960K, 49% used [0x00000000c0000000,0x00000000c13ddd18,0x00000000c2800000)
 PSPermGen       total 21504K, used 5940K [0x00000000bae00000, 0x00000000bc300000, 0x00000000c0000000)
  object space 21504K, 27% used [0x00000000bae00000,0x00000000bb3cd030,0x00000000bc300000)

Card table byte_map: [0x00007f947c0a8000,0x00007f947c2d2000] byte_map_base: 0x00007f947bad1000

Polling page: 0x00007f947f101000

Code Cache  [0x00007f9475000000, 0x00007f9475270000, 0x00007f9478000000)
 total_blobs=702 nmethods=472 adapters=183 free_code_cache=47202Kb largest_free_block=48276544

Compilation events (10 events):
Event: 28.430 Thread 0x00007f947809c800 nmethod 482 0x00007f94751c69d0 code [0x00007f94751c6b40, 0x00007f94751c6f78]
Event: 28.430 Thread 0x00007f947809c800  483             com.android.dx.dex.code.RopTranslator::outputInstructions (69 bytes)
Event: 28.524 Thread 0x00007f947809c800 nmethod 483 0x00007f94751ebbd0 code [0x00007f94751ebe80, 0x00007f94751ecdf0]
Event: 28.524 Thread 0x00007f947809c800  484 %           com.android.dx.ssa.LocalVariableExtractor::processBlock @ 119 (383 bytes)
Event: 28.713 Thread 0x00007f947809c800 nmethod 484% 0x00007f94751f1790 code [0x00007f94751f1aa0, 0x00007f94751f32d0]
Event: 28.713 Thread 0x00007f947809c800  485             java.util.HashSet::add (20 bytes)
Event: 28.739 Thread 0x00007f947809c800 nmethod 485 0x00007f94751c6710 code [0x00007f94751c6860, 0x00007f94751c6908]
Event: 28.739 Thread 0x00007f947809c800  486             com.android.dx.rop.cst.CstMemberRef::getNat (5 bytes)
Event: 28.740 Thread 0x00007f947809c800 nmethod 486 0x00007f94751da090 code [0x00007f94751da1c0, 0x00007f94751da218]
Event: 28.740 Thread 0x00007f947809c800  487             com.android.dx.dex.cf.CfTranslator::translate0 (259 bytes)

GC Heap History (10 events):
Event: 16.191 GC heap after
Heap after GC invocations=2 (full 0):
 PSYoungGen      total 18432K, used 2559K [0x00000000eaa80000, 0x00000000ece80000, 0x0000000100000000)
  eden space 15872K, 0% used [0x00000000eaa80000,0x00000000eaa80000,0x00000000eba00000)
  from space 2560K, 99% used [0x00000000ebc80000,0x00000000ebeffe00,0x00000000ebf00000)
  to   space 2560K, 0% used [0x00000000eba00000,0x00000000eba00000,0x00000000ebc80000)
 ParOldGen       total 40960K, used 2508K [0x00000000c0000000, 0x00000000c2800000, 0x00000000eaa80000)
  object space 40960K, 6% used [0x00000000c0000000,0x00000000c0273170,0x00000000c2800000)
 PSPermGen       total 21504K, used 5733K [0x00000000bae00000, 0x00000000bc300000, 0x00000000c0000000)
  object space 21504K, 26% used [0x00000000bae00000,0x00000000bb399650,0x00000000bc300000)
}
Event: 18.961 GC heap before
{Heap before GC invocations=3 (full 0):
 PSYoungGen      total 18432K, used 18431K [0x00000000eaa80000, 0x00000000ece80000, 0x0000000100000000)
  eden space 15872K, 100% used [0x00000000eaa80000,0x00000000eba00000,0x00000000eba00000)
  from space 2560K, 99% used [0x00000000ebc80000,0x00000000ebeffe00,0x00000000ebf00000)
  to   space 2560K, 0% used [0x00000000eba00000,0x00000000eba00000,0x00000000ebc80000)
 ParOldGen       total 40960K, used 2508K [0x00000000c0000000, 0x00000000c2800000, 0x00000000eaa80000)
  object space 40960K, 6% used [0x00000000c0000000,0x00000000c0273170,0x00000000c2800000)
 PSPermGen       total 21504K, used 5811K [0x00000000bae00000, 0x00000000bc300000, 0x00000000c0000000)
  object space 21504K, 27% used [0x00000000bae00000,0x00000000bb3acea8,0x00000000bc300000)
Event: 19.020 GC heap after
Heap after GC invocations=3 (full 0):
 PSYoungGen      total 18432K, used 2552K [0x00000000eaa80000, 0x00000000ece80000, 0x0000000100000000)
  eden space 15872K, 0% used [0x00000000eaa80000,0x00000000eaa80000,0x00000000eba00000)
  from space 2560K, 99% used [0x00000000eba00000,0x00000000ebc7e1a0,0x00000000ebc80000)
  to   space 2560K, 0% used [0x00000000ecc00000,0x00000000ecc00000,0x00000000ece80000)
 ParOldGen       total 40960K, used 5607K [0x00000000c0000000, 0x00000000c2800000, 0x00000000eaa80000)
  object space 40960K, 13% used [0x00000000c0000000,0x00000000c0579f28,0x00000000c2800000)
 PSPermGen       total 21504K, used 5811K [0x00000000bae00000, 0x00000000bc300000, 0x00000000c0000000)
  object space 21504K, 27% used [0x00000000bae00000,0x00000000bb3acea8,0x00000000bc300000)
}
Event: 19.606 GC heap before
{Heap before GC invocations=4 (full 0):
 PSYoungGen      total 18432K, used 18424K [0x00000000eaa80000, 0x00000000ece80000, 0x0000000100000000)
  eden space 15872K, 100% used [0x00000000eaa80000,0x00000000eba00000,0x00000000eba00000)
  from space 2560K, 99% used [0x00000000eba00000,0x00000000ebc7e1a0,0x00000000ebc80000)
  to   space 2560K, 0% used [0x00000000ecc00000,0x00000000ecc00000,0x00000000ece80000)
 ParOldGen       total 40960K, used 5607K [0x00000000c0000000, 0x00000000c2800000, 0x00000000eaa80000)
  object space 40960K, 13% used [0x00000000c0000000,0x00000000c0579f28,0x00000000c2800000)
 PSPermGen       total 21504K, used 5844K [0x00000000bae00000, 0x00000000bc300000, 0x00000000c0000000)
  object space 21504K, 27% used [0x00000000bae00000,0x00000000bb3b51a8,0x00000000bc300000)
Event: 19.651 GC heap after
Heap after GC invocations=4 (full 0):
 PSYoungGen      total 34304K, used 2536K [0x00000000eaa80000, 0x00000000ece80000, 0x0000000100000000)
  eden space 31744K, 0% used [0x00000000eaa80000,0x00000000eaa80000,0x00000000ec980000)
  from space 2560K, 99% used [0x00000000ecc00000,0x00000000ece7a378,0x00000000ece80000)
  to   space 2560K, 0% used [0x00000000ec980000,0x00000000ec980000,0x00000000ecc00000)
 ParOldGen       total 40960K, used 8521K [0x00000000c0000000, 0x00000000c2800000, 0x00000000eaa80000)
  object space 40960K, 20% used [0x00000000c0000000,0x00000000c08526f0,0x00000000c2800000)
 PSPermGen       total 21504K, used 5844K [0x00000000bae00000, 0x00000000bc300000, 0x00000000c0000000)
  object space 21504K, 27% used [0x00000000bae00000,0x00000000bb3b51a8,0x00000000bc300000)
}
Event: 21.034 GC heap before
{Heap before GC invocations=5 (full 0):
 PSYoungGen      total 34304K, used 34280K [0x00000000eaa80000, 0x00000000ece80000, 0x0000000100000000)
  eden space 31744K, 100% used [0x00000000eaa80000,0x00000000ec980000,0x00000000ec980000)
  from space 2560K, 99% used [0x00000000ecc00000,0x00000000ece7a378,0x00000000ece80000)
  to   space 2560K, 0% used [0x00000000ec980000,0x00000000ec980000,0x00000000ecc00000)
 ParOldGen       total 40960K, used 8521K [0x00000000c0000000, 0x00000000c2800000, 0x00000000eaa80000)
  object space 40960K, 20% used [0x00000000c0000000,0x00000000c08526f0,0x00000000c2800000)
 PSPermGen       total 21504K, used 5875K [0x00000000bae00000, 0x00000000bc300000, 0x00000000c0000000)
  object space 21504K, 27% used [0x00000000bae00000,0x00000000bb3bcd10,0x00000000bc300000)
Event: 21.127 GC heap after
Heap after GC invocations=5 (full 0):
 PSYoungGen      total 34304K, used 2551K [0x00000000eaa80000, 0x00000000ef880000, 0x0000000100000000)
  eden space 31744K, 0% used [0x00000000eaa80000,0x00000000eaa80000,0x00000000ec980000)
  from space 2560K, 99% used [0x00000000ec980000,0x00000000ecbfdd08,0x00000000ecc00000)
  to   space 8192K, 0% used [0x00000000ef080000,0x00000000ef080000,0x00000000ef880000)
 ParOldGen       total 40960K, used 13233K [0x00000000c0000000, 0x00000000c2800000, 0x00000000eaa80000)
  object space 40960K, 32% used [0x00000000c0000000,0x00000000c0cec658,0x00000000c2800000)
 PSPermGen       total 21504K, used 5875K [0x00000000bae00000, 0x00000000bc300000, 0x00000000c0000000)
  object space 21504K, 27% used [0x00000000bae00000,0x00000000bb3bcd10,0x00000000bc300000)
}
Event: 24.571 GC heap before
{Heap before GC invocations=6 (full 0):
 PSYoungGen      total 34304K, used 34295K [0x00000000eaa80000, 0x00000000ef880000, 0x0000000100000000)
  eden space 31744K, 100% used [0x00000000eaa80000,0x00000000ec980000,0x00000000ec980000)
  from space 2560K, 99% used [0x00000000ec980000,0x00000000ecbfdd08,0x00000000ecc00000)
  to   space 8192K, 0% used [0x00000000ef080000,0x00000000ef080000,0x00000000ef880000)
 ParOldGen       total 40960K, used 13233K [0x00000000c0000000, 0x00000000c2800000, 0x00000000eaa80000)
  object space 40960K, 32% used [0x00000000c0000000,0x00000000c0cec658,0x00000000c2800000)
 PSPermGen       total 21504K, used 5905K [0x00000000bae00000, 0x00000000bc300000, 0x00000000c0000000)
  object space 21504K, 27% used [0x00000000bae00000,0x00000000bb3c4688,0x00000000bc300000)
Event: 24.636 GC heap after
Heap after GC invocations=6 (full 0):
 PSYoungGen      total 70656K, used 8128K [0x00000000eaa80000, 0x00000000efa80000, 0x0000000100000000)
  eden space 62464K, 0% used [0x00000000eaa80000,0x00000000eaa80000,0x00000000ee780000)
  from space 8192K, 99% used [0x00000000ef080000,0x00000000ef870348,0x00000000ef880000)
  to   space 9216K, 0% used [0x00000000ee780000,0x00000000ee780000,0x00000000ef080000)
 ParOldGen       total 40960K, used 13233K [0x00000000c0000000, 0x00000000c2800000, 0x00000000eaa80000)
  object space 40960K, 32% used [0x00000000c0000000,0x00000000c0cec658,0x00000000c2800000)
 PSPermGen       total 21504K, used 5905K [0x00000000bae00000, 0x00000000bc300000, 0x00000000c0000000)
  object space 21504K, 27% used [0x00000000bae00000,0x00000000bb3c4688,0x00000000bc300000)
}
Event: 28.922 GC heap before
{Heap before GC invocations=7 (full 0):
 PSYoungGen      total 70656K, used 70592K [0x00000000eaa80000, 0x00000000efa80000, 0x0000000100000000)
  eden space 62464K, 100% used [0x00000000eaa80000,0x00000000ee780000,0x00000000ee780000)
  from space 8192K, 99% used [0x00000000ef080000,0x00000000ef870348,0x00000000ef880000)
  to   space 9216K, 0% used [0x00000000ee780000,0x00000000ee780000,0x00000000ef080000)
 ParOldGen       total 40960K, used 13233K [0x00000000c0000000, 0x00000000c2800000, 0x00000000eaa80000)
  object space 40960K, 32% used [0x00000000c0000000,0x00000000c0cec658,0x00000000c2800000)
 PSPermGen       total 21504K, used 5940K [0x00000000bae00000, 0x00000000bc300000, 0x00000000c0000000)
  object space 21504K, 27% used [0x00000000bae00000,0x00000000bb3cd030,0x00000000bc300000)

Deoptimization events (10 events):
Event: 25.442 Thread 0x00007f9478101800 Uncommon trap: reason=bimorphic action=maybe_recompile pc=0x00007f9475154ab4 method=com.android.dx.cf.code.BytecodeArray.parseInstruction(ILcom/android/dx/cf/code/BytecodeArray$Visitor;)I @ 955
Event: 28.188 Thread 0x00007f94780fb000 Uncommon trap: reason=unstable_if action=reinterpret pc=0x00007f9475193d64 method=java.util.BitSet.ensureCapacity(I)V @ 6
Event: 28.195 Thread 0x00007f94780fb000 Uncommon trap: reason=unstable_if action=reinterpret pc=0x00007f94750dc138 method=java.util.BitSet.ensureCapacity(I)V @ 6
Event: 28.372 Thread 0x00007f94780fb000 Uncommon trap: reason=unstable_if action=reinterpret pc=0x00007f947519cf14 method=java.util.BitSet.ensureCapacity(I)V @ 6
Event: 28.403 Thread 0x00007f947800a000 Uncommon trap: reason=unstable_if action=reinterpret pc=0x00007f947516d13c method=com.android.dx.ssa.LiteralOpUpgrader$1.visitNonMoveInsn(Lcom/android/dx/ssa/NormalSsaInsn;)V @ 176
Event: 28.444 Thread 0x00007f94780ff000 Uncommon trap: reason=bimorphic action=maybe_recompile pc=0x00007f94751675ac method=com.android.dx.ssa.LiteralOpUpgrader.tryReplacingWithConstant(Lcom/android/dx/ssa/NormalSsaInsn;)Z @ 62
Event: 28.509 Thread 0x00007f9478100000 Uncommon trap: reason=unstable_if action=reinterpret pc=0x00007f94751ae4f0 method=com.android.dx.ssa.InterferenceRegisterMapper.interferes(III)Z @ 69
Event: 28.511 Thread 0x00007f94780fb000 Uncommon trap: reason=unstable_if action=reinterpret pc=0x00007f94751b8de8 method=com.android.dx.ssa.InterferenceRegisterMapper.interferes(III)Z @ 69
Event: 28.511 Thread 0x00007f94780fb000 Uncommon trap: reason=unstable_if action=reinterpret pc=0x00007f94750cf750 method=com.android.dx.ssa.InterferenceRegisterMapper.interferes(III)Z @ 69
Event: 28.840 Thread 0x00007f9478100000 Uncommon trap: reason=unstable_if action=reinterpret pc=0x00007f947514f010 method=com.android.dx.rop.code.BasicBlockList.preferredSuccessorOf(Lcom/android/dx/rop/code/BasicBlock;)Lcom/android/dx/rop/code/BasicBlock; @ 58

Internal exceptions (10 events):
Event: 13.228 Thread 0x00007f9478100000 Threw 0x00000000eab08220 at /HUDSON/workspace/7u-2-build-linux-amd64/jdk7u80/2329/hotspot/src/share/vm/prims/jvm.cpp:1319
Event: 14.130 Thread 0x00007f9478101800 Threw 0x00000000ead9d1e8 at /HUDSON/workspace/7u-2-build-linux-amd64/jdk7u80/2329/hotspot/src/share/vm/prims/jvm.cpp:1319
Event: 14.212 Thread 0x00007f9478100000 Implicit null exception at 0x00007f94750817d2 to 0x00007f9475081a11
Event: 15.501 Thread 0x00007f9478100000 Threw 0x00000000eb12b3c0 at /HUDSON/workspace/7u-2-build-linux-amd64/jdk7u80/2329/hotspot/src/share/vm/prims/jvm.cpp:1319
Event: 15.508 Thread 0x00007f9478100000 Threw 0x00000000eb13bf20 at /HUDSON/workspace/7u-2-build-linux-amd64/jdk7u80/2329/hotspot/src/share/vm/prims/jvm.cpp:1319
Event: 18.598 Thread 0x00007f94780fb000 Implicit null exception at 0x00007f94750c31f0 to 0x00007f94750c5019
Event: 18.695 Thread 0x00007f947800a000 Threw 0x00000000eb5809a8 at /HUDSON/workspace/7u-2-build-linux-amd64/jdk7u80/2329/hotspot/src/share/vm/prims/jvm.cpp:1319
Event: 20.678 Thread 0x00007f94780ff000 Threw 0x00000000ec08ee70 at /HUDSON/workspace/7u-2-build-linux-amd64/jdk7u80/2329/hotspot/src/share/vm/prims/jvm.cpp:1319
Event: 23.498 Thread 0x00007f9478101800 Threw 0x00000000eb1ada50 at /HUDSON/workspace/7u-2-build-linux-amd64/jdk7u80/2329/hotspot/src/share/vm/prims/jvm.cpp:1319
Event: 28.553 Thread 0x00007f947800a000 Threw 0x00000000ed4000c8 at /HUDSON/workspace/7u-2-build-linux-amd64/jdk7u80/2329/hotspot/src/share/vm/prims/jvm.cpp:1319

Events (10 events):
Event: 28.511 Thread 0x00007f94780fb000 DEOPT UNPACKING pc=0x00007f9475039445 sp=0x00007f943fffdda0 mode 2
Event: 28.511 Thread 0x00007f94780fb000 Uncommon trap: trap_request=0xffffff75 fr.pc=0x00007f94750cf750
Event: 28.511 Thread 0x00007f94780fb000 DEOPT PACKING pc=0x00007f94750cf750 sp=0x00007f943fffddd0
Event: 28.511 Thread 0x00007f94780fb000 DEOPT UNPACKING pc=0x00007f9475039445 sp=0x00007f943fffdda0 mode 2
Event: 28.553 loading class 0x00007f94780d4780
Event: 28.553 loading class 0x00007f94780d4780 done
Event: 28.840 Thread 0x00007f9478100000 Uncommon trap: trap_request=0xffffff75 fr.pc=0x00007f947514f010
Event: 28.840 Thread 0x00007f9478100000 DEOPT PACKING pc=0x00007f947514f010 sp=0x00007f943fcfb0d0
Event: 28.840 Thread 0x00007f9478100000 DEOPT UNPACKING pc=0x00007f9475039445 sp=0x00007f943fcfafe8 mode 2
Event: 28.919 Executing VM operation: ParallelGCFailedAllocation


Dynamic libraries:
00400000-00401000 r-xp 00000000 08:05 661760                             /usr/lib/jvm/java-7-oracle/bin/java
00600000-00601000 rw-p 00000000 08:05 661760                             /usr/lib/jvm/java-7-oracle/bin/java
0100c000-0102d000 rw-p 00000000 00:00 0                                  [heap]
bae00000-bc300000 rw-p 00000000 00:00 0 
bc300000-c0000000 rw-p 00000000 00:00 0 
c0000000-c2800000 rw-p 00000000 00:00 0 
c2800000-eaa80000 rw-p 00000000 00:00 0 
eaa80000-efa80000 rw-p 00000000 00:00 0 
f4080000-100000000 rw-p 00000000 00:00 0 
7f9428000000-7f9428028000 rw-p 00000000 00:00 0 
7f9428028000-7f942c000000 ---p 00000000 00:00 0 
7f942c000000-7f942c02c000 rw-p 00000000 00:00 0 
7f942c02c000-7f9430000000 ---p 00000000 00:00 0 
7f9430000000-7f9430021000 rw-p 00000000 00:00 0 
7f9430021000-7f9434000000 ---p 00000000 00:00 0 
7f9434000000-7f9434021000 rw-p 00000000 00:00 0 
7f9434021000-7f9438000000 ---p 00000000 00:00 0 
7f9438000000-7f943803c000 rw-p 00000000 00:00 0 
7f943803c000-7f943c000000 ---p 00000000 00:00 0 
7f943fafb000-7f943fafe000 ---p 00000000 00:00 0 
7f943fafe000-7f943fbfc000 rw-p 00000000 00:00 0                          [stack:20662]
7f943fbfc000-7f943fbff000 ---p 00000000 00:00 0 
7f943fbff000-7f943fcfd000 rw-p 00000000 00:00 0                          [stack:20661]
7f943fcfd000-7f943fd00000 ---p 00000000 00:00 0 
7f943fd00000-7f943fdfe000 rw-p 00000000 00:00 0                          [stack:20658]
7f943fdfe000-7f943fe01000 ---p 00000000 00:00 0 
7f943fe01000-7f943feff000 rw-p 00000000 00:00 0                          [stack:20649]
7f943feff000-7f943ff02000 ---p 00000000 00:00 0 
7f943ff02000-7f9440000000 rw-p 00000000 00:00 0                          [stack:20646]
7f9440000000-7f9440021000 rw-p 00000000 00:00 0 
7f9440021000-7f9444000000 ---p 00000000 00:00 0 
7f9444000000-7f9444021000 rw-p 00000000 00:00 0 
7f9444021000-7f9448000000 ---p 00000000 00:00 0 
7f9448000000-7f9448e8a000 rw-p 00000000 00:00 0 
7f9448e8a000-7f944c000000 ---p 00000000 00:00 0 
7f944c000000-7f944cd12000 rw-p 00000000 00:00 0 
7f944cd12000-7f9450000000 ---p 00000000 00:00 0 
7f9450000000-7f9450021000 rw-p 00000000 00:00 0 
7f9450021000-7f9454000000 ---p 00000000 00:00 0 
7f9454000000-7f9454021000 rw-p 00000000 00:00 0 
7f9454021000-7f9458000000 ---p 00000000 00:00 0 
7f9458000000-7f945824f000 rw-p 00000000 00:00 0 
7f945824f000-7f945c000000 ---p 00000000 00:00 0 
7f945c000000-7f945c021000 rw-p 00000000 00:00 0 
7f945c021000-7f9460000000 ---p 00000000 00:00 0 
7f9460000000-7f9460021000 rw-p 00000000 00:00 0 
7f9460021000-7f9464000000 ---p 00000000 00:00 0 
7f9464000000-7f9464021000 rw-p 00000000 00:00 0 
7f9464021000-7f9468000000 ---p 00000000 00:00 0 
7f9468000000-7f9468021000 rw-p 00000000 00:00 0 
7f9468021000-7f946c000000 ---p 00000000 00:00 0 
7f946c053000-7f946c06a000 r-xp 00000000 08:05 29360245                   /usr/lib/jvm/java-7-oracle/jre/lib/amd64/libnet.so
7f946c06a000-7f946c269000 ---p 00017000 08:05 29360245                   /usr/lib/jvm/java-7-oracle/jre/lib/amd64/libnet.so
7f946c269000-7f946c26a000 rw-p 00016000 08:05 29360245                   /usr/lib/jvm/java-7-oracle/jre/lib/amd64/libnet.so
7f946c26a000-7f946c27a000 r-xp 00000000 08:05 29360263                   /usr/lib/jvm/java-7-oracle/jre/lib/amd64/libnio.so
7f946c27a000-7f946c47a000 ---p 00010000 08:05 29360263                   /usr/lib/jvm/java-7-oracle/jre/lib/amd64/libnio.so
7f946c47a000-7f946c47b000 rw-p 00010000 08:05 29360263                   /usr/lib/jvm/java-7-oracle/jre/lib/amd64/libnio.so
7f946c47b000-7f946c47c000 ---p 00000000 00:00 0 
7f946c47c000-7f946c57c000 rw-p 00000000 00:00 0                          [stack:20634]
7f946c57c000-7f946c57f000 ---p 00000000 00:00 0 
7f946c57f000-7f946c67d000 rw-p 00000000 00:00 0                          [stack:20632]
7f946c67d000-7f946c680000 ---p 00000000 00:00 0 
7f946c680000-7f946c77e000 rw-p 00000000 00:00 0                          [stack:20629]
7f946c77e000-7f946c781000 ---p 00000000 00:00 0 
7f946c781000-7f946c87f000 rw-p 00000000 00:00 0                          [stack:20628]
7f946c87f000-7f946c882000 ---p 00000000 00:00 0 
7f946c882000-7f946c980000 rw-p 00000000 00:00 0                          [stack:20620]
7f946c980000-7f946d063000 r--p 00000000 08:05 29235794                   /usr/lib/locale/locale-archive
7f946d063000-7f946d066000 ---p 00000000 00:00 0 
7f946d066000-7f946d164000 rw-p 00000000 00:00 0                          [stack:20613]
7f946d164000-7f946d167000 ---p 00000000 00:00 0 
7f946d167000-7f946d265000 rw-p 00000000 00:00 0                          [stack:20610]
7f946d265000-7f946d266000 ---p 00000000 00:00 0 
7f946d266000-7f9470000000 rw-p 00000000 00:00 0                          [stack:20608]
7f9470000000-7f9470021000 rw-p 00000000 00:00 0 
7f9470021000-7f9474000000 ---p 00000000 00:00 0 
7f9474011000-7f94745ec000 rw-p 00000000 00:00 0 
7f94745ec000-7f94747ac000 r--s 039fb000 08:05 29235308                   /usr/lib/jvm/java-7-oracle/jre/lib/rt.jar
7f94747ac000-7f9474aa6000 rw-p 00000000 00:00 0 
7f9474aa6000-7f9474aa7000 ---p 00000000 00:00 0 
7f9474aa7000-7f9474ba7000 rw-p 00000000 00:00 0                          [stack:20599]
7f9474ba7000-7f9474ba8000 ---p 00000000 00:00 0 
7f9474ba8000-7f9474ca8000 rw-p 00000000 00:00 0                          [stack:20597]
7f9474ca8000-7f9474ca9000 ---p 00000000 00:00 0 
7f9474ca9000-7f9474da9000 rw-p 00000000 00:00 0                          [stack:20595]
7f9474da9000-7f9474daa000 ---p 00000000 00:00 0 
7f9474daa000-7f9474ebe000 rw-p 00000000 00:00 0                          [stack:20590]
7f9474ebe000-7f9475000000 rw-p 00000000 00:00 0 
7f9475000000-7f9475270000 rwxp 00000000 00:00 0 
7f9475270000-7f9478140000 rw-p 00000000 00:00 0 
7f9478140000-7f947c000000 ---p 00000000 00:00 0 
7f947c003000-7f947c00c000 r--s 0008c000 08:05 28836193                   /home/tal/Documents/Workspace/PlacesFinder/app/build/intermediates/exploded-aar/com.android.support/appcompat-v7/23.4.0/jars/classes.jar
7f947c00c000-7f947c08a000 rw-p 00000000 00:00 0 
7f947c08a000-7f947c0a8000 rw-p 00000000 00:00 0 
7f947c0a8000-7f947c0b3000 rw-p 00000000 00:00 0 
7f947c0b3000-7f947c0d1000 rw-p 00000000 00:00 0 
7f947c0d1000-7f947c0e5000 rw-p 00000000 00:00 0 
7f947c0e5000-7f947c226000 rw-p 00000000 00:00 0 
7f947c226000-7f947c24f000 rw-p 00000000 00:00 0 
7f947c24f000-7f947c2d1000 rw-p 00000000 00:00 0 
7f947c2d1000-7f947c2d2000 rw-p 00000000 00:00 0 
7f947c2d2000-7f947c2e9000 r-xp 00000000 08:05 29360219                   /usr/lib/jvm/java-7-oracle/jre/lib/amd64/libzip.so
7f947c2e9000-7f947c4e9000 ---p 00017000 08:05 29360219                   /usr/lib/jvm/java-7-oracle/jre/lib/amd64/libzip.so
7f947c4e9000-7f947c4ea000 rw-p 00017000 08:05 29360219                   /usr/lib/jvm/java-7-oracle/jre/lib/amd64/libzip.so
7f947c4ea000-7f947c4f4000 r-xp 00000000 08:05 15728744                   /lib/x86_64-linux-gnu/libnss_files-2.19.so
7f947c4f4000-7f947c6f3000 ---p 0000a000 08:05 15728744                   /lib/x86_64-linux-gnu/libnss_files-2.19.so
7f947c6f3000-7f947c6f4000 r--p 00009000 08:05 15728744                   /lib/x86_64-linux-gnu/libnss_files-2.19.so
7f947c6f4000-7f947c6f5000 rw-p 0000a000 08:05 15728744                   /lib/x86_64-linux-gnu/libnss_files-2.19.so
7f947c6f5000-7f947c700000 r-xp 00000000 08:05 15728736                   /lib/x86_64-linux-gnu/libnss_nis-2.19.so
7f947c700000-7f947c8ff000 ---p 0000b000 08:05 15728736                   /lib/x86_64-linux-gnu/libnss_nis-2.19.so
7f947c8ff000-7f947c900000 r--p 0000a000 08:05 15728736                   /lib/x86_64-linux-gnu/libnss_nis-2.19.so
7f947c900000-7f947c901000 rw-p 0000b000 08:05 15728736                   /lib/x86_64-linux-gnu/libnss_nis-2.19.so
7f947c901000-7f947c918000 r-xp 00000000 08:05 15728732                   /lib/x86_64-linux-gnu/libnsl-2.19.so
7f947c918000-7f947cb17000 ---p 00017000 08:05 15728732                   /lib/x86_64-linux-gnu/libnsl-2.19.so
7f947cb17000-7f947cb18000 r--p 00016000 08:05 15728732                   /lib/x86_64-linux-gnu/libnsl-2.19.so
7f947cb18000-7f947cb19000 rw-p 00017000 08:05 15728732                   /lib/x86_64-linux-gnu/libnsl-2.19.so
7f947cb19000-7f947cb1b000 rw-p 00000000 00:00 0 
7f947cb1b000-7f947cb24000 r-xp 00000000 08:05 15728731                   /lib/x86_64-linux-gnu/libnss_compat-2.19.so
7f947cb24000-7f947cd23000 ---p 00009000 08:05 15728731                   /lib/x86_64-linux-gnu/libnss_compat-2.19.so
7f947cd23000-7f947cd24000 r--p 00008000 08:05 15728731                   /lib/x86_64-linux-gnu/libnss_compat-2.19.so
7f947cd24000-7f947cd25000 rw-p 00009000 08:05 15728731                   /lib/x86_64-linux-gnu/libnss_compat-2.19.so
7f947cd25000-7f947cd4e000 r-xp 00000000 08:05 29360227                   /usr/lib/jvm/java-7-oracle/jre/lib/amd64/libjava.so
7f947cd4e000-7f947cf4e000 ---p 00029000 08:05 29360227                   /usr/lib/jvm/java-7-oracle/jre/lib/amd64/libjava.so
7f947cf4e000-7f947cf50000 rw-p 00029000 08:05 29360227                   /usr/lib/jvm/java-7-oracle/jre/lib/amd64/libjava.so
7f947cf50000-7f947cf5d000 r-xp 00000000 08:05 29360206                   /usr/lib/jvm/java-7-oracle/jre/lib/amd64/libverify.so
7f947cf5d000-7f947d15c000 ---p 0000d000 08:05 29360206                   /usr/lib/jvm/java-7-oracle/jre/lib/amd64/libverify.so
7f947d15c000-7f947d15e000 rw-p 0000c000 08:05 29360206                   /usr/lib/jvm/java-7-oracle/jre/lib/amd64/libverify.so
7f947d15e000-7f947d165000 r-xp 00000000 08:05 15728740                   /lib/x86_64-linux-gnu/librt-2.19.so
7f947d165000-7f947d364000 ---p 00007000 08:05 15728740                   /lib/x86_64-linux-gnu/librt-2.19.so
7f947d364000-7f947d365000 r--p 00006000 08:05 15728740                   /lib/x86_64-linux-gnu/librt-2.19.so
7f947d365000-7f947d366000 rw-p 00007000 08:05 15728740                   /lib/x86_64-linux-gnu/librt-2.19.so
7f947d366000-7f947d46b000 r-xp 00000000 08:05 15728666                   /lib/x86_64-linux-gnu/libm-2.19.so
7f947d46b000-7f947d66a000 ---p 00105000 08:05 15728666                   /lib/x86_64-linux-gnu/libm-2.19.so
7f947d66a000-7f947d66b000 r--p 00104000 08:05 15728666                   /lib/x86_64-linux-gnu/libm-2.19.so
7f947d66b000-7f947d66c000 rw-p 00105000 08:05 15728666                   /lib/x86_64-linux-gnu/libm-2.19.so
7f947d66c000-7f947e1e2000 r-xp 00000000 08:05 29360237                   /usr/lib/jvm/java-7-oracle/jre/lib/amd64/server/libjvm.so
7f947e1e2000-7f947e3e1000 ---p 00b76000 08:05 29360237                   /usr/lib/jvm/java-7-oracle/jre/lib/amd64/server/libjvm.so
7f947e3e1000-7f947e4a5000 rw-p 00b75000 08:05 29360237                   /usr/lib/jvm/java-7-oracle/jre/lib/amd64/server/libjvm.so
7f947e4a5000-7f947e4e6000 rw-p 00000000 00:00 0 
7f947e4e6000-7f947e6a0000 r-xp 00000000 08:05 15728741                   /lib/x86_64-linux-gnu/libc-2.19.so
7f947e6a0000-7f947e8a0000 ---p 001ba000 08:05 15728741                   /lib/x86_64-linux-gnu/libc-2.19.so
7f947e8a0000-7f947e8a4000 r--p 001ba000 08:05 15728741                   /lib/x86_64-linux-gnu/libc-2.19.so
7f947e8a4000-7f947e8a6000 rw-p 001be000 08:05 15728741                   /lib/x86_64-linux-gnu/libc-2.19.so
7f947e8a6000-7f947e8ab000 rw-p 00000000 00:00 0 
7f947e8ab000-7f947e8ae000 r-xp 00000000 08:05 15728670                   /lib/x86_64-linux-gnu/libdl-2.19.so
7f947e8ae000-7f947eaad000 ---p 00003000 08:05 15728670                   /lib/x86_64-linux-gnu/libdl-2.19.so
7f947eaad000-7f947eaae000 r--p 00002000 08:05 15728670                   /lib/x86_64-linux-gnu/libdl-2.19.so
7f947eaae000-7f947eaaf000 rw-p 00003000 08:05 15728670                   /lib/x86_64-linux-gnu/libdl-2.19.so
7f947eaaf000-7f947eac4000 r-xp 00000000 08:05 30146936                   /usr/lib/jvm/java-7-oracle/lib/amd64/jli/libjli.so
7f947eac4000-7f947ecc3000 ---p 00015000 08:05 30146936                   /usr/lib/jvm/java-7-oracle/lib/amd64/jli/libjli.so
7f947ecc3000-7f947ecc4000 rw-p 00014000 08:05 30146936                   /usr/lib/jvm/java-7-oracle/lib/amd64/jli/libjli.so
7f947ecc4000-7f947ecdd000 r-xp 00000000 08:05 15728733                   /lib/x86_64-linux-gnu/libpthread-2.19.so
7f947ecdd000-7f947eedc000 ---p 00019000 08:05 15728733                   /lib/x86_64-linux-gnu/libpthread-2.19.so
7f947eedc000-7f947eedd000 r--p 00018000 08:05 15728733                   /lib/x86_64-linux-gnu/libpthread-2.19.so
7f947eedd000-7f947eede000 rw-p 00019000 08:05 15728733                   /lib/x86_64-linux-gnu/libpthread-2.19.so
7f947eede000-7f947eee2000 rw-p 00000000 00:00 0 
7f947eee2000-7f947ef05000 r-xp 00000000 08:05 15728734                   /lib/x86_64-linux-gnu/ld-2.19.so
7f947ef0d000-7f947ef2d000 rw-p 00000000 00:00 0 
7f947ef2d000-7f947efe3000 rw-p 00000000 00:00 0 
7f947efe3000-7f947efe6000 ---p 00000000 00:00 0 
7f947efe6000-7f947f0e9000 rw-p 00000000 00:00 0                          [stack:20585]
7f947f0e9000-7f947f0f8000 r--s 000df000 08:05 27526951                   /home/tal/Android/Sdk/build-tools/23.0.2/lib/dx.jar
7f947f0f8000-7f947f100000 rw-s 00000000 08:05 14418205                   /tmp/hsperfdata_tal/20562
7f947f100000-7f947f101000 rw-p 00000000 00:00 0 
7f947f101000-7f947f102000 ---p 00000000 00:00 0 
7f947f102000-7f947f104000 rw-p 00000000 00:00 0 
7f947f104000-7f947f105000 r--p 00022000 08:05 15728734                   /lib/x86_64-linux-gnu/ld-2.19.so
7f947f105000-7f947f106000 rw-p 00023000 08:05 15728734                   /lib/x86_64-linux-gnu/ld-2.19.so
7f947f106000-7f947f107000 rw-p 00000000 00:00 0 
7fffdd001000-7fffdd022000 rw-p 00000000 00:00 0                          [stack]
7fffdd09a000-7fffdd09c000 r-xp 00000000 00:00 0                          [vdso]
ffffffffff600000-ffffffffff601000 r-xp 00000000 00:00 0                  [vsyscall]

VM Arguments:
jvm_args: -Djava.awt.headless=true -Xmx1024M -Dfile.encoding=UTF-8 -Duser.country=US -Duser.language=en -Duser.variant 
java_command: com.android.dx.command.Main --dex --num-threads=4 --output /home/tal/Documents/Workspace/PlacesFinder/app/build/intermediates/pre-dexed/debug/com.android.support-appcompat-v7-23.4.0_22a55ec05fb70d636d0697be53f6f35ae5c97d02.jar /home/tal/Documents/Workspace/PlacesFinder/app/build/intermediates/exploded-aar/com.android.support/appcompat-v7/23.4.0/jars/classes.jar
Launcher Type: SUN_STANDARD

Environment Variables:
JAVA_HOME=/usr/lib/jvm/java-7-oracle
PATH=/usr/local/sbin:/usr/local/bin:/usr/sbin:/usr/bin:/sbin:/bin:/usr/games:/usr/local/games
LD_LIBRARY_PATH=/opt/android-studio/bin:
SHELL=/bin/bash
DISPLAY=:0

Signal Handlers:
SIGSEGV: [libjvm.so+0x9a3b20], sa_mask[0]=0x7ffbfeff, sa_flags=0x10000004
SIGBUS: [libjvm.so+0x9a3b20], sa_mask[0]=0x7ffbfeff, sa_flags=0x10000004
SIGFPE: [libjvm.so+0x81e740], sa_mask[0]=0x7ffbfeff, sa_flags=0x10000004
SIGPIPE: [libjvm.so+0x81e740], sa_mask[0]=0x7ffbfeff, sa_flags=0x10000004
SIGXFSZ: [libjvm.so+0x81e740], sa_mask[0]=0x7ffbfeff, sa_flags=0x10000004
SIGILL: [libjvm.so+0x81e740], sa_mask[0]=0x7ffbfeff, sa_flags=0x10000004
SIGUSR1: SIG_DFL, sa_mask[0]=0x00000000, sa_flags=0x00000000
SIGUSR2: [libjvm.so+0x81ffb0], sa_mask[0]=0x00000004, sa_flags=0x10000004
SIGHUP: [libjvm.so+0x8210d0], sa_mask[0]=0x7ffbfeff, sa_flags=0x10000004
SIGINT: [libjvm.so+0x8210d0], sa_mask[0]=0x7ffbfeff, sa_flags=0x10000004
SIGTERM: [libjvm.so+0x8210d0], sa_mask[0]=0x7ffbfeff, sa_flags=0x10000004
SIGQUIT: [libjvm.so+0x8210d0], sa_mask[0]=0x7ffbfeff, sa_flags=0x10000004


---------------  S Y S T E M  ---------------

OS:jessie/sid

uname:Linux 3.13.0-32-generic #57-Ubuntu SMP Tue Jul 15 03:51:08 UTC 2014 x86_64
libc:glibc 2.19 NPTL 2.19 
rlimit: STACK 8192k, CORE 0k, NPROC 30718, NOFILE 4096, AS infinity
load average:15.44 5.00 1.97

/proc/meminfo:
MemTotal:        3953588 kB
MemFree:          121492 kB
Buffers:             324 kB
Cached:           673304 kB
SwapCached:        18152 kB
Active:          2620400 kB
Inactive:         985660 kB
Active(anon):    2615812 kB
Inactive(anon):   971604 kB
Active(file):       4588 kB
Inactive(file):    14056 kB
Unevictable:          68 kB
Mlocked:              68 kB
SwapTotal:       1951740 kB
SwapFree:             64 kB
Dirty:               268 kB
Writeback:            80 kB
AnonPages:       2915728 kB
Mapped:           481084 kB
Shmem:            654788 kB
Slab:              75660 kB
SReclaimable:      33560 kB
SUnreclaim:        42100 kB
KernelStack:        6320 kB
PageTables:        61080 kB
NFS_Unstable:          0 kB
Bounce:                0 kB
WritebackTmp:          0 kB
CommitLimit:     3928532 kB
Committed_AS:   11884492 kB
VmallocTotal:   34359738367 kB
VmallocUsed:      402628 kB
VmallocChunk:   34359325692 kB
HardwareCorrupted:     0 kB
AnonHugePages:    876544 kB
HugePages_Total:       0
HugePages_Free:        0
HugePages_Rsvd:        0
HugePages_Surp:        0
Hugepagesize:       2048 kB
DirectMap4k:       94380 kB
DirectMap2M:     2957312 kB
DirectMap1G:     1048576 kB


CPU:total 4 (2 cores per cpu, 2 threads per core) family 6 model 69 stepping 1, cmov, cx8, fxsr, mmx, sse, sse2, sse3, ssse3, sse4.1, sse4.2, popcnt, avx, avx2, aes, erms, ht, tsc, tscinvbit

/proc/cpuinfo:
processor	: 0
vendor_id	: GenuineIntel
cpu family	: 6
model		: 69
model name	: Intel(R) Core(TM) i5-4210U CPU @ 1.70GHz
stepping	: 1
microcode	: 0x17
cpu MHz		: 1700.000
cache size	: 3072 KB
physical id	: 0
siblings	: 4
core id		: 0
cpu cores	: 2
apicid		: 0
initial apicid	: 0
fpu		: yes
fpu_exception	: yes
cpuid level	: 13
wp		: yes
flags		: fpu vme de pse tsc msr pae mce cx8 apic sep mtrr pge mca cmov pat pse36 clflush dts acpi mmx fxsr sse sse2 ss ht tm pbe syscall nx pdpe1gb rdtscp lm constant_tsc arch_perfmon pebs bts rep_good nopl xtopology nonstop_tsc aperfmperf eagerfpu pni pclmulqdq dtes64 monitor ds_cpl vmx est tm2 ssse3 fma cx16 xtpr pdcm pcid sse4_1 sse4_2 movbe popcnt tsc_deadline_timer aes xsave avx f16c rdrand lahf_lm abm ida arat epb xsaveopt pln pts dtherm tpr_shadow vnmi flexpriority ept vpid fsgsbase tsc_adjust bmi1 avx2 smep bmi2 erms invpcid
bogomips	: 4788.89
clflush size	: 64
cache_alignment	: 64
address sizes	: 39 bits physical, 48 bits virtual
power management:

processor	: 1
vendor_id	: GenuineIntel
cpu family	: 6
model		: 69
model name	: Intel(R) Core(TM) i5-4210U CPU @ 1.70GHz
stepping	: 1
microcode	: 0x17
cpu MHz		: 768.000
cache size	: 3072 KB
physical id	: 0
siblings	: 4
core id		: 0
cpu cores	: 2
apicid		: 1
initial apicid	: 1
fpu		: yes
fpu_exception	: yes
cpuid level	: 13
wp		: yes
flags		: fpu vme de pse tsc msr pae mce cx8 apic sep mtrr pge mca cmov pat pse36 clflush dts acpi mmx fxsr sse sse2 ss ht tm pbe syscall nx pdpe1gb rdtscp lm constant_tsc arch_perfmon pebs bts rep_good nopl xtopology nonstop_tsc aperfmperf eagerfpu pni pclmulqdq dtes64 monitor ds_cpl vmx est tm2 ssse3 fma cx16 xtpr pdcm pcid sse4_1 sse4_2 movbe popcnt tsc_deadline_timer aes xsave avx f16c rdrand lahf_lm abm ida arat epb xsaveopt pln pts dtherm tpr_shadow vnmi flexpriority ept vpid fsgsbase tsc_adjust bmi1 avx2 smep bmi2 erms invpcid
bogomips	: 4788.89
clflush size	: 64
cache_alignment	: 64
address sizes	: 39 bits physical, 48 bits virtual
power management:

processor	: 2
vendor_id	: GenuineIntel
cpu family	: 6
model		: 69
model name	: Intel(R) Core(TM) i5-4210U CPU @ 1.70GHz
stepping	: 1
microcode	: 0x17
cpu MHz		: 1300.000
cache size	: 3072 KB
physical id	: 0
siblings	: 4
core id		: 1
cpu cores	: 2
apicid		: 2
initial apicid	: 2
fpu		: yes
fpu_exception	: yes
cpuid level	: 13
wp		: yes
flags		: fpu vme de pse tsc msr pae mce cx8 apic sep mtrr pge mca cmov pat pse36 clflush dts acpi mmx fxsr sse sse2 ss ht tm pbe syscall nx pdpe1gb rdtscp lm constant_tsc arch_perfmon pebs bts rep_good nopl xtopology nonstop_tsc aperfmperf eagerfpu pni pclmulqdq dtes64 monitor ds_cpl vmx est tm2 ssse3 fma cx16 xtpr pdcm pcid sse4_1 sse4_2 movbe popcnt tsc_deadline_timer aes xsave avx f16c rdrand lahf_lm abm ida arat epb xsaveopt pln pts dtherm tpr_shadow vnmi flexpriority ept vpid fsgsbase tsc_adjust bmi1 avx2 smep bmi2 erms invpcid
bogomips	: 4788.89
clflush size	: 64
cache_alignment	: 64
address sizes	: 39 bits physical, 48 bits virtual
power management:

processor	: 3
vendor_id	: GenuineIntel
cpu family	: 6
model		: 69
model name	: Intel(R) Core(TM) i5-4210U CPU @ 1.70GHz
stepping	: 1
microcode	: 0x17
cpu MHz		: 1700.000
cache size	: 3072 KB
physical id	: 0
siblings	: 4
core id		: 1
cpu cores	: 2
apicid		: 3
initial apicid	: 3
fpu		: yes
fpu_exception	: yes
cpuid level	: 13
wp		: yes
flags		: fpu vme de pse tsc msr pae mce cx8 apic sep mtrr pge mca cmov pat pse36 clflush dts acpi mmx fxsr sse sse2 ss ht tm pbe syscall nx pdpe1gb rdtscp lm constant_tsc arch_perfmon pebs bts rep_good nopl xtopology nonstop_tsc aperfmperf eagerfpu pni pclmulqdq dtes64 monitor ds_cpl vmx est tm2 ssse3 fma cx16 xtpr pdcm pcid sse4_1 sse4_2 movbe popcnt tsc_deadline_timer aes xsave avx f16c rdrand lahf_lm abm ida arat epb xsaveopt pln pts dtherm tpr_shadow vnmi flexpriority ept vpid fsgsbase tsc_adjust bmi1 avx2 smep bmi2 erms invpcid
bogomips	: 4788.89
clflush size	: 64
cache_alignment	: 64
address sizes	: 39 bits physical, 48 bits virtual
power management:



Memory: 4k page, physical 3953588k(121492k free), swap 1951740k(64k free)

vm_info: Java HotSpot(TM) 64-Bit Server VM (24.80-b11) for linux-amd64 JRE (1.7.0_80-b15), built on Apr 10 2015 19:53:14 by "java_re" with gcc 4.3.0 20080428 (Red Hat 4.3.0-8)

time: Fri Dec  2 15:24:24 2016
elapsed time: 58 seconds

